<?xml version="1.0" encoding="UTF-8"?>
<testng-results ignored="0" total="2" passed="2" failed="0" skipped="0">
  <reporter-output>
  </reporter-output>
  <suite started-at="2026-03-30T19:40:41 IST" name="Default suite" finished-at="2026-03-30T19:40:45 IST" duration-ms="3535">
    <groups>
    </groups>
    <test started-at="2026-03-30T19:40:41 IST" name="Default test" finished-at="2026-03-30T19:40:45 IST" duration-ms="3535">
      <class name="tests.LoginTest">
        <test-method is-config="true" signature="setup()[pri:0, instance:tests.LoginTest@f5958c9]" started-at="2026-03-30T19:40:31 IST" name="setup" finished-at="2026-03-30T19:40:41 IST" duration-ms="9851" status="PASS">
          <reporter-output>
          </reporter-output>
        </test-method> <!-- setup -->
        <test-method signature="invalidLoginTest()[pri:0, instance:tests.LoginTest@f5958c9]" started-at="2026-03-30T19:40:41 IST" name="invalidLoginTest" finished-at="2026-03-30T19:40:43 IST" duration-ms="1916" status="PASS">
          <reporter-output>
          </reporter-output>
        </test-method> <!-- invalidLoginTest -->
        <test-method signature="validLoginTest()[pri:0, instance:tests.LoginTest@f5958c9]" started-at="2026-03-30T19:40:43 IST" name="validLoginTest" finished-at="2026-03-30T19:40:45 IST" duration-ms="1519" status="PASS">
          <reporter-output>
          </reporter-output>
        </test-method> <!-- validLoginTest -->
        <test-method is-config="true" signature="tearDown()[pri:0, instance:tests.LoginTest@f5958c9]" started-at="2026-03-30T19:40:45 IST" name="tearDown" finished-at="2026-03-30T19:40:45 IST" duration-ms="247" status="PASS">
          <reporter-output>
          </reporter-output>
        </test-method> <!-- tearDown -->
      </class> <!-- tests.LoginTest -->
    </test> <!-- Default test -->
  </suite> <!-- Default suite -->
</testng-results>
